生成启动时间为 2014/11/17 11:53:42。
     1>项目“C:\Users\Administrator\Desktop\gh0st\Server\Loder\Loder.vcxproj”在节点 4 上(build 个目标)。
     1>InitializeBuildStatus:
         正在对“.\Release\Loder.unsuccessfulbuild”执行 Touch 任务。
       ClCompile:
         所有输出均为最新。
         所有输出均为最新。
       ResourceCompile:
         所有输出均为最新。
     1>C:\Program Files (x86)\MSBuild\Microsoft.Cpp\v4.0\Microsoft.CppBuild.targets(990,5): warning MSB8012: TargetPath(C:\Users\Administrator\Desktop\gh0st\Server\Loder\.\Release\Loder.exe) 与 Linker 的 OutputFile 属性值(C:\Users\Administrator\Desktop\gh0st\bin\server\Loder.exe)不匹配。这可能导致项目生成不正确。若要更正此问题，请确保 $(OutDir)、$(TargetName) 和 $(TargetExt) 属性值与 %(Link.OutputFile) 中指定的值匹配。
       Link:
         所有输出均为最新。
         Loder.vcxproj -> C:\Users\Administrator\Desktop\gh0st\Server\Loder\.\Release\Loder.exe
       BscMake:
         F:\vs 2010\install\VC\bin\bscmake.exe /nologo /o".\Release\Loder.bsc" .\Release\Loder.sbr .\Release\StdAfx.sbr
       FinalizeBuildStatus:
         正在删除文件“.\Release\Loder.unsuccessfulbuild”。
         正在对“.\Release\Loder.lastbuildstate”执行 Touch 任务。
     1>已完成生成项目“C:\Users\Administrator\Desktop\gh0st\Server\Loder\Loder.vcxproj”(build 个目标)的操作。

生成成功。

已用时间 00:00:02.43
