生成启动时间为 2014/11/16 13:53:36。
     1>项目“C:\Users\Administrator\Desktop\gh0st\Server\MainDll\MainDll.vcxproj”在节点 2 上(build 个目标)。
     1>InitializeBuildStatus:
         正在对“.\Debug\MainDll.unsuccessfulbuild”执行 Touch 任务。
       ClCompile:
         所有输出均为最新。
         F:\vs 2010\install\VC\bin\CL.exe /c /ZI /nologo /W3 /WX- /Od /Oy- /D WIN32 /D _DEBUG /D _WINDOWS /D _USRDLL /D MAINDLL_EXPORTS /D _VC80_UPGRADE=0x0600 /D _WINDLL /D _MBCS /Gm /EHsc /RTC1 /MTd /GS /Gy- /fp:precise /Zc:wchar_t /Zc:forScope /Yu"stdafx.h" /Fp".\Debug\MainDll.pch" /Fo".\Debug\\" /Fd".\Debug\vc100.pdb" /FR".\Debug\\" /Gd /TP /analyze- /errorReport:prompt common\KernelManager.cpp common\ScreenSpy.cpp
         KernelManager.cpp
     1>c:\users\administrator\desktop\gh0st\common\videocodec.h(133): warning C4800: “BOOL”: 将值强制为布尔值“true”或“false”(性能警告)
     1>c:\users\administrator\desktop\gh0st\common\videocodec.h(178): warning C4996: 'wcstombs': This function or variable may be unsafe. Consider using wcstombs_s instead. To disable deprecation, use _CRT_SECURE_NO_WARNINGS. See online help for details.
                 f:\vs 2010\install\vc\include\stdlib.h(533) : 参见“wcstombs”的声明
     1>c:\users\administrator\desktop\gh0st\server\maindll\common\loop.h(85): warning C4995: “lstrcat”: 名称被标记为 #pragma deprecated
     1>c:\users\administrator\desktop\gh0st\server\maindll\common\loop.h(85): warning C4995: “lstrcatA”: 名称被标记为 #pragma deprecated
     1>c:\users\administrator\desktop\gh0st\server\maindll\common\loop.h(214): warning C4800: “BOOL”: 将值强制为布尔值“true”或“false”(性能警告)
     1>c:\users\administrator\desktop\gh0st\server\maindll\common\loop.h(243): warning C4995: “lstrcpy”: 名称被标记为 #pragma deprecated
     1>c:\users\administrator\desktop\gh0st\server\maindll\common\loop.h(243): warning C4995: “lstrcpyA”: 名称被标记为 #pragma deprecated
     1>c:\users\administrator\desktop\gh0st\server\maindll\common\loop.h(274): warning C4995: “wsprintf”: 名称被标记为 #pragma deprecated
     1>c:\users\administrator\desktop\gh0st\server\maindll\common\loop.h(274): warning C4995: “wsprintfA”: 名称被标记为 #pragma deprecated
     1>c:\users\administrator\desktop\gh0st\server\maindll\common\inject.h(140): warning C4995: “lstrcpy”: 名称被标记为 #pragma deprecated
     1>c:\users\administrator\desktop\gh0st\server\maindll\common\inject.h(140): warning C4995: “lstrcpyA”: 名称被标记为 #pragma deprecated
     1>c:\users\administrator\desktop\gh0st\server\maindll\common\inject.h(141): warning C4995: “lstrcpy”: 名称被标记为 #pragma deprecated
     1>c:\users\administrator\desktop\gh0st\server\maindll\common\inject.h(141): warning C4995: “lstrcpyA”: 名称被标记为 #pragma deprecated
     1>c:\users\administrator\desktop\gh0st\server\maindll\common\inject.h(142): warning C4995: “lstrcat”: 名称被标记为 #pragma deprecated
     1>c:\users\administrator\desktop\gh0st\server\maindll\common\inject.h(142): warning C4995: “lstrcatA”: 名称被标记为 #pragma deprecated
     1>c:\users\administrator\desktop\gh0st\server\maindll\common\kernelmanager.cpp(22): warning C4995: “lstrcpy”: 名称被标记为 #pragma deprecated
     1>c:\users\administrator\desktop\gh0st\server\maindll\common\kernelmanager.cpp(22): warning C4995: “lstrcpyA”: 名称被标记为 #pragma deprecated
     1>c:\users\administrator\desktop\gh0st\server\maindll\common\kernelmanager.cpp(25): warning C4995: “lstrcpy”: 名称被标记为 #pragma deprecated
     1>c:\users\administrator\desktop\gh0st\server\maindll\common\kernelmanager.cpp(25): warning C4995: “lstrcpyA”: 名称被标记为 #pragma deprecated
     1>c:\users\administrator\desktop\gh0st\server\maindll\common\kernelmanager.cpp(27): warning C4995: “lstrcpy”: 名称被标记为 #pragma deprecated
     1>c:\users\administrator\desktop\gh0st\server\maindll\common\kernelmanager.cpp(27): warning C4995: “lstrcpyA”: 名称被标记为 #pragma deprecated
     1>c:\users\administrator\desktop\gh0st\server\maindll\common\kernelmanager.cpp(43): warning C4018: “<”: 有符号/无符号不匹配
     1>c:\users\administrator\desktop\gh0st\server\maindll\common\kernelmanager.cpp(139): warning C4995: “lstrcat”: 名称被标记为 #pragma deprecated
     1>c:\users\administrator\desktop\gh0st\server\maindll\common\kernelmanager.cpp(139): warning C4995: “lstrcatA”: 名称被标记为 #pragma deprecated
     1>c:\users\administrator\desktop\gh0st\server\maindll\common\kernelmanager.cpp(140): warning C4995: “lstrcat”: 名称被标记为 #pragma deprecated
     1>c:\users\administrator\desktop\gh0st\server\maindll\common\kernelmanager.cpp(140): warning C4995: “lstrcatA”: 名称被标记为 #pragma deprecated
     1>c:\users\administrator\desktop\gh0st\server\maindll\common\kernelmanager.cpp(141): warning C4995: “lstrcat”: 名称被标记为 #pragma deprecated
     1>c:\users\administrator\desktop\gh0st\server\maindll\common\kernelmanager.cpp(141): warning C4995: “lstrcatA”: 名称被标记为 #pragma deprecated
     1>c:\users\administrator\desktop\gh0st\server\maindll\common\kernelmanager.cpp(144): warning C4995: “wsprintf”: 名称被标记为 #pragma deprecated
     1>c:\users\administrator\desktop\gh0st\server\maindll\common\kernelmanager.cpp(144): warning C4995: “wsprintfA”: 名称被标记为 #pragma deprecated
     1>c:\users\administrator\desktop\gh0st\server\maindll\common\kernelmanager.cpp(152): warning C4995: “lstrcat”: 名称被标记为 #pragma deprecated
     1>c:\users\administrator\desktop\gh0st\server\maindll\common\kernelmanager.cpp(152): warning C4995: “lstrcatA”: 名称被标记为 #pragma deprecated
         正在生成代码...
         正在编译...
         ScreenSpy.cpp
     1>c:\users\administrator\desktop\gh0st\server\maindll\common\screenspy.cpp(361): warning C4018: “>”: 有符号/无符号不匹配
     1>c:\users\administrator\desktop\gh0st\server\maindll\common\screenspy.cpp(354): warning C4101: “nToJump”: 未引用的局部变量
     1>c:\users\administrator\desktop\gh0st\server\maindll\common\screenspy.cpp(382): warning C4018: “<”: 有符号/无符号不匹配
     1>c:\users\administrator\desktop\gh0st\server\maindll\common\screenspy.cpp(401): warning C4018: “<”: 有符号/无符号不匹配
         正在生成代码...
         F:\vs 2010\install\VC\bin\CL.exe /c /ZI /nologo /W3 /WX- /Od /Oy- /D WIN32 /D _DEBUG /D _WINDOWS /D _USRDLL /D MAINDLL_EXPORTS /D _VC80_UPGRADE=0x0600 /D _WINDLL /D _MBCS /Gm /EHsc /RTC1 /MTd /GS /Gy- /fp:precise /Zc:wchar_t /Zc:forScope /Fo".\Debug\\" /Fd".\Debug\vc100.pdb" /FR".\Debug\\" /Gd /TP /analyze- /errorReport:prompt common\ScreenManager.cpp
         ScreenManager.cpp
     1>c:\users\administrator\desktop\gh0st\common\cursorinfo.h(58): error C2065: “CURSORINFO”: 未声明的标识符
     1>c:\users\administrator\desktop\gh0st\common\cursorinfo.h(58): error C2146: 语法错误: 缺少“;”(在标识符“ci”的前面)
     1>c:\users\administrator\desktop\gh0st\common\cursorinfo.h(58): error C2065: “ci”: 未声明的标识符
     1>c:\users\administrator\desktop\gh0st\common\cursorinfo.h(59): error C2065: “ci”: 未声明的标识符
     1>c:\users\administrator\desktop\gh0st\common\cursorinfo.h(59): error C2228: “.cbSize”的左边必须有类/结构/联合
                 类型是“'unknown-type'”
     1>c:\users\administrator\desktop\gh0st\common\cursorinfo.h(59): error C2065: “CURSORINFO”: 未声明的标识符
     1>c:\users\administrator\desktop\gh0st\common\cursorinfo.h(59): error C2070: “'unknown-type'”: 非法的 sizeof 操作数
     1>c:\users\administrator\desktop\gh0st\common\cursorinfo.h(60): error C2065: “ci”: 未声明的标识符
     1>c:\users\administrator\desktop\gh0st\common\cursorinfo.h(60): error C2065: “ci”: 未声明的标识符
     1>c:\users\administrator\desktop\gh0st\common\cursorinfo.h(60): error C2228: “.flags”的左边必须有类/结构/联合
                 类型是“'unknown-type'”
     1>c:\users\administrator\desktop\gh0st\common\cursorinfo.h(60): error C2065: “CURSOR_SHOWING”: 未声明的标识符
     1>c:\users\administrator\desktop\gh0st\common\cursorinfo.h(60): error C3861: “GetCursorInfo”: 找不到标识符
     1>c:\users\administrator\desktop\gh0st\common\cursorinfo.h(66): error C2065: “ci”: 未声明的标识符
     1>c:\users\administrator\desktop\gh0st\common\cursorinfo.h(66): error C2228: “.hCursor”的左边必须有类/结构/联合
                 类型是“'unknown-type'”
     1>c:\users\administrator\desktop\gh0st\common\cursorinfo.h(69): error C2065: “ci”: 未声明的标识符
     1>c:\users\administrator\desktop\gh0st\common\cursorinfo.h(69): error C2228: “.hCursor”的左边必须有类/结构/联合
                 类型是“'unknown-type'”
     1>c:\users\administrator\desktop\gh0st\server\maindll\common\screenmanager.cpp(235): warning C4800: “BYTE”: 将值强制为布尔值“true”或“false”(性能警告)
     1>c:\users\administrator\desktop\gh0st\server\maindll\common\screenmanager.cpp(238): warning C4800: “BYTE”: 将值强制为布尔值“true”或“false”(性能警告)
     1>c:\users\administrator\desktop\gh0st\server\maindll\common\screenmanager.cpp(241): warning C4800: “BYTE”: 将值强制为布尔值“true”或“false”(性能警告)
     1>已完成生成项目“C:\Users\Administrator\Desktop\gh0st\Server\MainDll\MainDll.vcxproj”(build 个目标)的操作 - 失败。

生成失败。

已用时间 00:00:02.63
